17:03:01.063 [main] INFO  testBase.BaseClass - Adding SubMenu to Excel Completed..
17:03:01.085 [main] INFO  testBase.BaseClass - ***TC_002_Collections has completed***
17:03:19.606 [main] INFO  testBase.BaseClass - ***TC_003_giftCardTest has Started***
17:03:31.143 [main] INFO  testBase.BaseClass - Gift Card page opened..
17:03:31.990 [main] INFO  testBase.BaseClass - Clicked On birthday..
17:03:36.586 [main] INFO  testBase.BaseClass - Amount selected..
17:03:36.943 [main] INFO  testBase.BaseClass - customising gift card completed..
17:03:42.099 [main] INFO  testBase.BaseClass - Invalid email entered..
17:03:44.390 [main] INFO  testBase.BaseClass - Writing into excel started..
17:03:44.727 [main] INFO  testBase.BaseClass - writing into excel completed..
17:03:46.999 [main] INFO  testBase.BaseClass - Invalid email cleared and  valid email id is entered...
17:03:52.103 [main] INFO  testBase.BaseClass - validate all the given details in the Confirm Details section Started........
17:03:53.146 [main] INFO  testBase.BaseClass - validate all the given details in the Confirm Details section completed........
17:03:53.146 [main] INFO  testBase.BaseClass - ***TC_003_giftCardTest has completed***
17:05:06.939 [main] INFO  testBase.BaseClass - ***TC_001_productsSearch has Started***
17:05:12.644 [main] INFO  testBase.BaseClass - searched for Book Shelves..
17:05:15.992 [main] INFO  testBase.BaseClass - Popup Closed..
17:05:17.605 [main] INFO  testBase.BaseClass - Selected Category as Kids Book Shelves..
17:05:21.412 [main] INFO  testBase.BaseClass - Selected Price Range..
17:05:25.572 [main] INFO  testBase.BaseClass - Selected Sort By..
17:05:25.841 [main] INFO  testBase.BaseClass - selected Exclude Out of Stock..
17:05:37.924 [main] INFO  testBase.BaseClass - Adding products to Excel Sheet..
17:05:38.103 [main] INFO  testBase.BaseClass - Adding products to Excel Sheet..
17:05:38.348 [main] INFO  testBase.BaseClass - Adding products to Excel Sheet..
17:05:38.348 [main] INFO  testBase.BaseClass - Adding products to Excel Sheet completed..
17:05:40.784 [main] INFO  testBase.BaseClass - navigated to home page..
17:05:40.784 [main] INFO  testBase.BaseClass - ***TC_001_productsSearch has completed***
17:05:54.107 [main] INFO  testBase.BaseClass - ***TC_002_Collections has Started***
17:05:56.069 [main] INFO  testBase.BaseClass - Navivating to living Collections..
17:05:59.800 [main] INFO  testBase.BaseClass - Adding SubMenu List to Excel Started..
17:06:02.370 [main] INFO  testBase.BaseClass - Adding SubMenu to Excel Completed..
17:06:02.371 [main] INFO  testBase.BaseClass - ***TC_002_Collections has completed***
17:06:20.872 [main] INFO  testBase.BaseClass - ***TC_003_giftCardTest has Started***
17:06:34.256 [main] INFO  testBase.BaseClass - Gift Card page opened..
17:06:34.930 [main] INFO  testBase.BaseClass - Clicked On birthday..
17:06:38.185 [main] INFO  testBase.BaseClass - Amount selected..
17:06:38.510 [main] INFO  testBase.BaseClass - customising gift card completed..
17:06:42.436 [main] INFO  testBase.BaseClass - Invalid email entered..
17:06:44.871 [main] INFO  testBase.BaseClass - Writing into excel started..
17:06:46.915 [main] INFO  testBase.BaseClass - writing into excel completed..
17:06:53.494 [main] INFO  testBase.BaseClass - Invalid email cleared and  valid email id is entered...
17:06:55.048 [main] INFO  testBase.BaseClass - validate all the given details in the Confirm Details section Started........
17:06:55.630 [main] INFO  testBase.BaseClass - validate all the given details in the Confirm Details section completed........
17:06:55.630 [main] INFO  testBase.BaseClass - ***TC_003_giftCardTest has completed***
17:18:30.294 [TestNG-tests-1] INFO  testBase.BaseClass - ***TC_003_giftCardTest has Started***
17:18:44.943 [TestNG-tests-2] INFO  testBase.BaseClass - ***TC_003_giftCardTest has Started***
17:18:59.580 [TestNG-tests-1] INFO  testBase.BaseClass - ***TC_002_Collections has Started***
17:19:02.196 [TestNG-tests-1] INFO  testBase.BaseClass - Navivating to living Collections..
17:19:17.247 [TestNG-tests-2] INFO  testBase.BaseClass - Gift Card page opened..
17:19:20.760 [TestNG-tests-2] INFO  testBase.BaseClass - Clicked On birthday..
17:19:27.011 [TestNG-tests-1] INFO  testBase.BaseClass - ***TC_001_productsSearch has Started***
17:19:34.072 [TestNG-tests-1] INFO  testBase.BaseClass - searched for Book Shelves..
17:19:46.204 [TestNG-tests-2] INFO  testBase.BaseClass - ***TC_002_Collections has Started***
17:19:48.060 [TestNG-tests-1] INFO  testBase.BaseClass - Popup Closed..
17:19:49.867 [TestNG-tests-2] INFO  testBase.BaseClass - Navivating to living Collections..
17:19:56.319 [TestNG-tests-1] INFO  testBase.BaseClass - Adding SubMenu List to Excel Started..
17:20:17.204 [TestNG-tests-1] INFO  testBase.BaseClass - Adding SubMenu to Excel Completed..
17:20:17.205 [TestNG-tests-1] INFO  testBase.BaseClass - ***TC_002_Collections has completed***
